#
# A fatal error has been detected by the Java Runtime Environment:
#
#  EXCEPTION_ACCESS_VIOLATION (0xc0000005) at pc=0x000000005abebd50, pid=15212, tid=1380
#
# JRE version: Java(TM) SE Runtime Environment (9.0+11) (build 9.0.1+11)
# Java VM: Java HotSpot(TM) 64-Bit Server VM (9.0.1+11, mixed mode, tiered, compressed oops, g1 gc, windows-amd64)
# Problematic frame:
# V  [jvm.dll+0x32bd50]
#
# No core dump will be written. Minidumps are not enabled by default on client versions of Windows
#
# If you would like to submit a bug report, please visit:
#   http://bugreport.java.com/bugreport/crash.jsp
#

---------------  S U M M A R Y ------------

Command Line: -agentlib:jdwp=transport=dt_socket,address=127.0.0.1:51616,suspend=y,server=n -javaagent:C:\Users\kevin\.IdeaIC2017.3\system\captureAgent\debugger-agent.jar=C:\Users\kevin\AppData\Local\Temp\capture1064.props -Dfile.encoding=UTF-8 ArrayDeque

Host: Intel(R) Core(TM) i7-7700HQ CPU @ 2.80GHz, 8 cores, 7G,  Windows 10 , 64 bit Build 16299 (10.0.16299.15)
Time: Sun Dec 24 19:36:10 2017 Pacific Standard Time elapsed time: 52393 seconds (0d 14h 33m 13s)

---------------  T H R E A D  ---------------

Current thread (0x000001653d36b800):  VMThread "VM Thread" [stack: 0x000000356a600000,0x000000356a700000] [id=1380]

Stack: [0x000000356a600000,0x000000356a700000],  sp=0x000000356a6fe970,  free space=1018k
Native frames: (J=compiled Java code, j=interpreted, Vv=VM code, C=native code)
V  [jvm.dll+0x32bd50]
V  [jvm.dll+0x327708]
V  [jvm.dll+0x34200f]
V  [jvm.dll+0x34522d]
V  [jvm.dll+0x2968e0]
V  [jvm.dll+0x2969d9]
V  [jvm.dll+0x2f8671]
V  [jvm.dll+0x2f2f9e]
V  [jvm.dll+0x2f5307]
V  [jvm.dll+0x2f654e]
V  [jvm.dll+0x2f3d05]
V  [jvm.dll+0x2f3173]
V  [jvm.dll+0x57845f]
V  [jvm.dll+0x57876c]
V  [jvm.dll+0x578613]
V  [jvm.dll+0x578e0c]
V  [jvm.dll+0x546f8a]
V  [jvm.dll+0x465261]
V  [jvm.dll+0x6a34eb]
V  [jvm.dll+0x6a1c85]
V  [jvm.dll+0x6a2461]
V  [jvm.dll+0x6a274c]
V  [jvm.dll+0x5864e0]
C  [msvcr120.dll+0x24f7f]
C  [msvcr120.dll+0x25126]
C  [KERNEL32.DLL+0x11fe4]
C  [ntdll.dll+0x6ef91]


siginfo: EXCEPTION_ACCESS_VIOLATION (0xc0000005), reading address 0xffffffffffffffff


Register to memory mapping:

RIP=0x000000005abebd50 jvm.dll
RAX=0x0ca802f9020ca802 is an unknown value
RBX=0x000001653d36b800 is an unknown value
RCX=0x00000001000016d0 is pointing into metadata
RDX=0x0ca802f9020ca802 is an unknown value
RSP=0x000000356a6fe970 is an unknown value
RBP=0x0000000000000003 is an unknown value
RSI=0x000000356a6fea30 is an unknown value
RDI=0x0000000000000000 is an unknown value
R8 =0x000001653d36b800 is an unknown value
R9 =0x0ca802f9020ca802 is an unknown value
R10=0x0000000000000065 is an unknown value
R11=0x0000000000000065 is an unknown value
R12=0x000000356a6ff201 is an unknown value
R13=0x0000000000000000 is an unknown value
R14=0x0000000000000052 is an unknown value
R15=0x0000000000000001 is an unknown value


Registers:
RAX=0x0ca802f9020ca802, RBX=0x000001653d36b800, RCX=0x00000001000016d0, RDX=0x0ca802f9020ca802
RSP=0x000000356a6fe970, RBP=0x0000000000000003, RSI=0x000000356a6fea30, RDI=0x0000000000000000
R8 =0x000001653d36b800, R9 =0x0ca802f9020ca802, R10=0x0000000000000065, R11=0x0000000000000065
R12=0x000000356a6ff201, R13=0x0000000000000000, R14=0x0000000000000052, R15=0x0000000000000001
RIP=0x000000005abebd50, EFLAGS=0x0000000000010246

Top of Stack: (sp=0x000000356a6fe970)
0x000000356a6fe970:   00000001000016d0 000000005aebfe1c
0x000000356a6fe980:   000000356a6fe9e0 000001653d36b800
0x000000356a6fe990:   0000000000000000 000000005abe7708
0x000000356a6fe9a0:   00000001000016d0 000001653d36b800
0x000000356a6fe9b0:   000000356a6fea30 000001653d36b800
0x000000356a6fe9c0:   000000356a6feaa0 000000005ac0200f
0x000000356a6fe9d0:   000001653d36b800 0000000000000000
0x000000356a6fe9e0:   000000356a6fefd0 000000005abb40d6
0x000000356a6fe9f0:   0000000000000004 000001653d261010
0x000000356a6fea00:   000000356a6feaa0 000000005ac0522d
0x000000356a6fea10:   0000000000000000 000000356a6fec00
0x000000356a6fea20:   0000000000000052 000001653d265448
0x000000356a6fea30:   0000000000000002 000000000000000e
0x000000356a6fea40:   000001653d36b800 000000356a6fec00
0x000000356a6fea50:   0000000000000000 000000005ab568e0
0x000000356a6fea60:   000000356a6febf0 000001653d36b801 

Instructions: (pc=0x000000005abebd50)
0x000000005abebd30:   8b d8 e8 c9 89 d8 ff 48 83 7b 08 00 4c 8b c8 74
0x000000005abebd40:   04 33 ff eb 23 80 3d c9 ac 62 00 00 74 05 33 ff
0x000000005abebd50:   89 78 0c 48 8d 4d fe 48 8d 78 10 48 85 c9 74 05
0x000000005abebd60:   33 c0 f3 48 ab 49 8b f9 48 83 7b 08 00 48 8b 74 


VM_Operation (0x000000356b2ff4a0): GetOrSetLocal, mode: safepoint, requested by thread 0x000001653d812800


---------------  P R O C E S S  ---------------

Java Threads: ( => current thread )
  0x000001653d898000 JavaThread "Service Thread" daemon [_thread_blocked, id=5296, stack(0x000000356b500000,0x000000356b600000)]
  0x000001653d801000 JavaThread "JDWP Command Reader" daemon [_thread_in_native, id=17364, stack(0x000000356b400000,0x000000356b500000)]
  0x000001653d800000 JavaThread "JDWP Event Helper Thread" daemon [_thread_blocked, id=10564, stack(0x000000356b300000,0x000000356b400000)]
  0x000001653d812800 JavaThread "JDWP Transport Listener: dt_socket" daemon [_thread_blocked, id=16616, stack(0x000000356b200000,0x000000356b300000)]
  0x000001653d45b000 JavaThread "Common-Cleaner" daemon [_thread_blocked, id=6704, stack(0x000000356b100000,0x000000356b200000)]
  0x000001653d3d3000 JavaThread "Sweeper thread" daemon [_thread_blocked, id=3084, stack(0x000000356b000000,0x000000356b100000)]
  0x000001653d3d2800 JavaThread "C1 CompilerThread3" daemon [_thread_blocked, id=5292, stack(0x000000356af00000,0x000000356b000000)]
  0x000001653d3d1800 JavaThread "C2 CompilerThread2" daemon [_thread_blocked, id=10476, stack(0x000000356ae00000,0x000000356af00000)]
  0x000001653d3cf000 JavaThread "C2 CompilerThread1" daemon [_thread_blocked, id=12000, stack(0x000000356ad00000,0x000000356ae00000)]
  0x000001653d3ce000 JavaThread "C2 CompilerThread0" daemon [_thread_blocked, id=9084, stack(0x000000356ac00000,0x000000356ad00000)]
  0x000001653d3c9800 JavaThread "Attach Listener" daemon [_thread_blocked, id=9660, stack(0x000000356ab00000,0x000000356ac00000)]
  0x000001653d3c8800 JavaThread "Signal Dispatcher" daemon [_thread_blocked, id=8684, stack(0x000000356aa00000,0x000000356ab00000)]
  0x000001653d37a800 JavaThread "Finalizer" daemon [_thread_blocked, id=7636, stack(0x000000356a800000,0x000000356a900000)]
  0x000001653d36f800 JavaThread "Reference Handler" daemon [_thread_blocked, id=13216, stack(0x000000356a700000,0x000000356a800000)]
  0x00000165197c4000 JavaThread "main" [_thread_blocked, id=8412, stack(0x0000003569100000,0x0000003569200000)]

Other Threads:
=>0x000001653d36b800 VMThread "VM Thread" [stack: 0x000000356a600000,0x000000356a700000] [id=1380]
  0x000001653d82e800 WatcherThread [stack: 0x000000356b600000,0x000000356b700000] [id=14840]
  0x00000165197db000 GCTaskThread "GC Thread#0" [stack: 0x0000003569200000,0x0000003569300000] [id=11504]
  0x00000165197dc800 GCTaskThread "GC Thread#1" [stack: 0x0000003569300000,0x0000003569400000] [id=10976]
  0x00000165197de800 GCTaskThread "GC Thread#2" [stack: 0x0000003569400000,0x0000003569500000] [id=3732]
  0x00000165197e0000 GCTaskThread "GC Thread#3" [stack: 0x0000003569500000,0x0000003569600000] [id=7056]
  0x00000165197e3000 GCTaskThread "GC Thread#4" [stack: 0x0000003569600000,0x0000003569700000] [id=3772]
  0x00000165197e4800 GCTaskThread "GC Thread#5" [stack: 0x0000003569700000,0x0000003569800000] [id=14032]
  0x00000165197e6800 GCTaskThread "GC Thread#6" [stack: 0x0000003569800000,0x0000003569900000] [id=6708]
  0x00000165197e8800 GCTaskThread "GC Thread#7" [stack: 0x0000003569900000,0x0000003569a00000] [id=14216]
  0x000001653a06b800 ConcurrentGCThread "G1 Main Marker" [stack: 0x000000356a300000,0x000000356a400000] [id=14984]
  0x000001653a06e800 ConcurrentGCThread "G1 Marker#0" [stack: 0x000000356a400000,0x000000356a500000] [id=17332]
  0x000001653a06f000 ConcurrentGCThread "G1 Marker#1" [stack: 0x000000356a500000,0x000000356a600000] [id=13024]
  0x000001651980c000 ConcurrentGCThread "G1 Refine#0" [stack: 0x000000356a100000,0x000000356a200000] [id=5676]
  0x000001651980a000 ConcurrentGCThread "G1 Refine#1" [stack: 0x000000356a000000,0x000000356a100000] [id=7084]
  0x0000016519808800 ConcurrentGCThread "G1 Refine#2" [stack: 0x0000003569f00000,0x000000356a000000] [id=9396]
  0x0000016519804800 ConcurrentGCThread "G1 Refine#3" [stack: 0x0000003569e00000,0x0000003569f00000] [id=15600]
  0x00000165197fb800 ConcurrentGCThread "G1 Refine#4" [stack: 0x0000003569d00000,0x0000003569e00000] [id=14516]
  0x00000165197f9000 ConcurrentGCThread "G1 Refine#5" [stack: 0x0000003569c00000,0x0000003569d00000] [id=14292]
  0x00000165197f5800 ConcurrentGCThread "G1 Refine#6" [stack: 0x0000003569b00000,0x0000003569c00000] [id=11860]
  0x00000165197eb800 ConcurrentGCThread "G1 Refine#7" [stack: 0x0000003569a00000,0x0000003569b00000] [id=16248]
  0x0000016519813000 ConcurrentGCThread "G1 Young RemSet Sampling" [stack: 0x000000356a200000,0x000000356a300000] [id=6296]

Threads with active compile tasks:

VM state:at safepoint (normal execution)

VM Mutex/Monitor currently owned by a thread:  ([mutex/lock_event])
[0x00000165197c13f0] Threads_lock - owner thread: 0x000001653d36b800

Heap address: 0x0000000082200000, size: 2014 MB, Compressed Oops mode: 32-bit
Narrow klass base: 0x0000000000000000, Narrow klass shift: 3
Compressed class space size: 1073741824 Address: 0x0000000100000000

Heap:
 garbage-first heap   total 129024K, used 5120K [0x0000000082200000, 0x00000000823003f0, 0x0000000100000000)
  region size 1024K, 6 young (6144K), 0 survivors (0K)
 Metaspace       used 6095K, capacity 6216K, committed 6528K, reserved 1056768K
  class space    used 534K, capacity 578K, committed 640K, reserved 1048576K
Heap Regions: E=young(eden), S=young(survivor), O=old, HS=humongous(starts), HC=humongous(continues), CS=collection set, F=free, A=archive, TS=gc time stamp, AC=allocation context, TAMS=top-at-mark-start (previous, next)
|   0|0x0000000082200000, 0x0000000082200000, 0x0000000082300000|  0%| F|  |TS  0|AC  0|TAMS 0x0000000082200000, 0x0000000082200000|
|   1|0x0000000082300000, 0x0000000082300000, 0x0000000082400000|  0%| F|  |TS  0|AC  0|TAMS 0x0000000082300000, 0x0000000082300000|
|   2|0x0000000082400000, 0x0000000082400000, 0x0000000082500000|  0%| F|  |TS  0|AC  0|TAMS 0x0000000082400000, 0x0000000082400000|
|   3|0x0000000082500000, 0x0000000082500000, 0x0000000082600000|  0%| F|  |TS  0|AC  0|TAMS 0x0000000082500000, 0x0000000082500000|
|   4|0x0000000082600000, 0x0000000082600000, 0x0000000082700000|  0%| F|  |TS  0|AC  0|TAMS 0x0000000082600000, 0x0000000082600000|
|   5|0x0000000082700000, 0x0000000082700000, 0x0000000082800000|  0%| F|  |TS  0|AC  0|TAMS 0x0000000082700000, 0x0000000082700000|
|   6|0x0000000082800000, 0x0000000082800000, 0x0000000082900000|  0%| F|  |TS  0|AC  0|TAMS 0x0000000082800000, 0x0000000082800000|
|   7|0x0000000082900000, 0x0000000082900000, 0x0000000082a00000|  0%| F|  |TS  0|AC  0|TAMS 0x0000000082900000, 0x0000000082900000|
|   8|0x0000000082a00000, 0x0000000082a00000, 0x0000000082b00000|  0%| F|  |TS  0|AC  0|TAMS 0x0000000082a00000, 0x0000000082a00000|
|   9|0x0000000082b00000, 0x0000000082b00000, 0x0000000082c00000|  0%| F|  |TS  0|AC  0|TAMS 0x0000000082b00000, 0x0000000082b00000|
|  10|0x0000000082c00000, 0x0000000082c00000, 0x0000000082d00000|  0%| F|  |TS  0|AC  0|TAMS 0x0000000082c00000, 0x0000000082c00000|
|  11|0x0000000082d00000, 0x0000000082d00000, 0x0000000082e00000|  0%| F|  |TS  0|AC  0|TAMS 0x0000000082d00000, 0x0000000082d00000|
|  12|0x0000000082e00000, 0x0000000082e00000, 0x0000000082f00000|  0%| F|  |TS  0|AC  0|TAMS 0x0000000082e00000, 0x0000000082e00000|
|  13|0x0000000082f00000, 0x0000000082f00000, 0x0000000083000000|  0%| F|  |TS  0|AC  0|TAMS 0x0000000082f00000, 0x0000000082f00000|
|  14|0x0000000083000000, 0x0000000083000000, 0x0000000083100000|  0%| F|  |TS  0|AC  0|TAMS 0x0000000083000000, 0x0000000083000000|
|  15|0x0000000083100000, 0x0000000083100000, 0x0000000083200000|  0%| F|  |TS  0|AC  0|TAMS 0x0000000083100000, 0x0000000083100000|
|  16|0x0000000083200000, 0x0000000083200000, 0x0000000083300000|  0%| F|  |TS  0|AC  0|TAMS 0x0000000083200000, 0x0000000083200000|
|  17|0x0000000083300000, 0x0000000083300000, 0x0000000083400000|  0%| F|  |TS  0|AC  0|TAMS 0x0000000083300000, 0x0000000083300000|
|  18|0x0000000083400000, 0x0000000083400000, 0x0000000083500000|  0%| F|  |TS  0|AC  0|TAMS 0x0000000083400000, 0x0000000083400000|
|  19|0x0000000083500000, 0x0000000083500000, 0x0000000083600000|  0%| F|  |TS  0|AC  0|TAMS 0x0000000083500000, 0x0000000083500000|
|  20|0x0000000083600000, 0x0000000083600000, 0x0000000083700000|  0%| F|  |TS  0|AC  0|TAMS 0x0000000083600000, 0x0000000083600000|
|  21|0x0000000083700000, 0x0000000083700000, 0x0000000083800000|  0%| F|  |TS  0|AC  0|TAMS 0x0000000083700000, 0x0000000083700000|
|  22|0x0000000083800000, 0x0000000083800000, 0x0000000083900000|  0%| F|  |TS  0|AC  0|TAMS 0x0000000083800000, 0x0000000083800000|
|  23|0x0000000083900000, 0x0000000083900000, 0x0000000083a00000|  0%| F|  |TS  0|AC  0|TAMS 0x0000000083900000, 0x0000000083900000|
|  24|0x0000000083a00000, 0x0000000083a00000, 0x0000000083b00000|  0%| F|  |TS  0|AC  0|TAMS 0x0000000083a00000, 0x0000000083a00000|
|  25|0x0000000083b00000, 0x0000000083b00000, 0x0000000083c00000|  0%| F|  |TS  0|AC  0|TAMS 0x0000000083b00000, 0x0000000083b00000|
|  26|0x0000000083c00000, 0x0000000083c00000, 0x0000000083d00000|  0%| F|  |TS  0|AC  0|TAMS 0x0000000083c00000, 0x0000000083c00000|
|  27|0x0000000083d00000, 0x0000000083d00000, 0x0000000083e00000|  0%| F|  |TS  0|AC  0|TAMS 0x0000000083d00000, 0x0000000083d00000|
|  28|0x0000000083e00000, 0x0000000083e00000, 0x0000000083f00000|  0%| F|  |TS  0|AC  0|TAMS 0x0000000083e00000, 0x0000000083e00000|
|  29|0x0000000083f00000, 0x0000000083f00000, 0x0000000084000000|  0%| F|  |TS  0|AC  0|TAMS 0x0000000083f00000, 0x0000000083f00000|
|  30|0x0000000084000000, 0x0000000084000000, 0x0000000084100000|  0%| F|  |TS  0|AC  0|TAMS 0x0000000084000000, 0x0000000084000000|
|  31|0x0000000084100000, 0x0000000084100000, 0x0000000084200000|  0%| F|  |TS  0|AC  0|TAMS 0x0000000084100000, 0x0000000084100000|
|  32|0x0000000084200000, 0x0000000084200000, 0x0000000084300000|  0%| F|  |TS  0|AC  0|TAMS 0x0000000084200000, 0x0000000084200000|
|  33|0x0000000084300000, 0x0000000084300000, 0x0000000084400000|  0%| F|  |TS  0|AC  0|TAMS 0x0000000084300000, 0x0000000084300000|
|  34|0x0000000084400000, 0x0000000084400000, 0x0000000084500000|  0%| F|  |TS  0|AC  0|TAMS 0x0000000084400000, 0x0000000084400000|
|  35|0x0000000084500000, 0x0000000084500000, 0x0000000084600000|  0%| F|  |TS  0|AC  0|TAMS 0x0000000084500000, 0x0000000084500000|
|  36|0x0000000084600000, 0x0000000084600000, 0x0000000084700000|  0%| F|  |TS  0|AC  0|TAMS 0x0000000084600000, 0x0000000084600000|
|  37|0x0000000084700000, 0x0000000084700000, 0x0000000084800000|  0%| F|  |TS  0|AC  0|TAMS 0x0000000084700000, 0x0000000084700000|
|  38|0x0000000084800000, 0x0000000084800000, 0x0000000084900000|  0%| F|  |TS  0|AC  0|TAMS 0x0000000084800000, 0x0000000084800000|
|  39|0x0000000084900000, 0x0000000084900000, 0x0000000084a00000|  0%| F|  |TS  0|AC  0|TAMS 0x0000000084900000, 0x0000000084900000|
|  40|0x0000000084a00000, 0x0000000084a00000, 0x0000000084b00000|  0%| F|  |TS  0|AC  0|TAMS 0x0000000084a00000, 0x0000000084a00000|
|  41|0x0000000084b00000, 0x0000000084b00000, 0x0000000084c00000|  0%| F|  |TS  0|AC  0|TAMS 0x0000000084b00000, 0x0000000084b00000|
|  42|0x0000000084c00000, 0x0000000084c00000, 0x0000000084d00000|  0%| F|  |TS  0|AC  0|TAMS 0x0000000084c00000, 0x0000000084c00000|
|  43|0x0000000084d00000, 0x0000000084d00000, 0x0000000084e00000|  0%| F|  |TS  0|AC  0|TAMS 0x0000000084d00000, 0x0000000084d00000|
|  44|0x0000000084e00000, 0x0000000084e00000, 0x0000000084f00000|  0%| F|  |TS  0|AC  0|TAMS 0x0000000084e00000, 0x0000000084e00000|
|  45|0x0000000084f00000, 0x0000000084f00000, 0x0000000085000000|  0%| F|  |TS  0|AC  0|TAMS 0x0000000084f00000, 0x0000000084f00000|
|  46|0x0000000085000000, 0x0000000085000000, 0x0000000085100000|  0%| F|  |TS  0|AC  0|TAMS 0x0000000085000000, 0x0000000085000000|
|  47|0x0000000085100000, 0x0000000085100000, 0x0000000085200000|  0%| F|  |TS  0|AC  0|TAMS 0x0000000085100000, 0x0000000085100000|
|  48|0x0000000085200000, 0x0000000085200000, 0x0000000085300000|  0%| F|  |TS  0|AC  0|TAMS 0x0000000085200000, 0x0000000085200000|
|  49|0x0000000085300000, 0x0000000085300000, 0x0000000085400000|  0%| F|  |TS  0|AC  0|TAMS 0x0000000085300000, 0x0000000085300000|
|  50|0x0000000085400000, 0x0000000085400000, 0x0000000085500000|  0%| F|  |TS  0|AC  0|TAMS 0x0000000085400000, 0x0000000085400000|
|  51|0x0000000085500000, 0x0000000085500000, 0x0000000085600000|  0%| F|  |TS  0|AC  0|TAMS 0x0000000085500000, 0x0000000085500000|
|  52|0x0000000085600000, 0x0000000085600000, 0x0000000085700000|  0%| F|  |TS  0|AC  0|TAMS 0x0000000085600000, 0x0000000085600000|
|  53|0x0000000085700000, 0x0000000085700000, 0x0000000085800000|  0%| F|  |TS  0|AC  0|TAMS 0x0000000085700000, 0x0000000085700000|
|  54|0x0000000085800000, 0x0000000085800000, 0x0000000085900000|  0%| F|  |TS  0|AC  0|TAMS 0x0000000085800000, 0x0000000085800000|
|  55|0x0000000085900000, 0x0000000085900000, 0x0000000085a00000|  0%| F|  |TS  0|AC  0|TAMS 0x0000000085900000, 0x0000000085900000|
|  56|0x0000000085a00000, 0x0000000085a00000, 0x0000000085b00000|  0%| F|  |TS  0|AC  0|TAMS 0x0000000085a00000, 0x0000000085a00000|
|  57|0x0000000085b00000, 0x0000000085b00000, 0x0000000085c00000|  0%| F|  |TS  0|AC  0|TAMS 0x0000000085b00000, 0x0000000085b00000|
|  58|0x0000000085c00000, 0x0000000085c00000, 0x0000000085d00000|  0%| F|  |TS  0|AC  0|TAMS 0x0000000085c00000, 0x0000000085c00000|
|  59|0x0000000085d00000, 0x0000000085d00000, 0x0000000085e00000|  0%| F|  |TS  0|AC  0|TAMS 0x0000000085d00000, 0x0000000085d00000|
|  60|0x0000000085e00000, 0x0000000085e00000, 0x0000000085f00000|  0%| F|  |TS  0|AC  0|TAMS 0x0000000085e00000, 0x0000000085e00000|
|  61|0x0000000085f00000, 0x0000000085f00000, 0x0000000086000000|  0%| F|  |TS  0|AC  0|TAMS 0x0000000085f00000, 0x0000000085f00000|
|  62|0x0000000086000000, 0x0000000086000000, 0x0000000086100000|  0%| F|  |TS  0|AC  0|TAMS 0x0000000086000000, 0x0000000086000000|
|  63|0x0000000086100000, 0x0000000086100000, 0x0000000086200000|  0%| F|  |TS  0|AC  0|TAMS 0x0000000086100000, 0x0000000086100000|
|  64|0x0000000086200000, 0x0000000086200000, 0x0000000086300000|  0%| F|  |TS  0|AC  0|TAMS 0x0000000086200000, 0x0000000086200000|
|  65|0x0000000086300000, 0x0000000086300000, 0x0000000086400000|  0%| F|  |TS  0|AC  0|TAMS 0x0000000086300000, 0x0000000086300000|
|  66|0x0000000086400000, 0x0000000086400000, 0x0000000086500000|  0%| F|  |TS  0|AC  0|TAMS 0x0000000086400000, 0x0000000086400000|
|  67|0x0000000086500000, 0x0000000086500000, 0x0000000086600000|  0%| F|  |TS  0|AC  0|TAMS 0x0000000086500000, 0x0000000086500000|
|  68|0x0000000086600000, 0x0000000086600000, 0x0000000086700000|  0%| F|  |TS  0|AC  0|TAMS 0x0000000086600000, 0x0000000086600000|
|  69|0x0000000086700000, 0x0000000086700000, 0x0000000086800000|  0%| F|  |TS  0|AC  0|TAMS 0x0000000086700000, 0x0000000086700000|
|  70|0x0000000086800000, 0x0000000086800000, 0x0000000086900000|  0%| F|  |TS  0|AC  0|TAMS 0x0000000086800000, 0x0000000086800000|
|  71|0x0000000086900000, 0x0000000086900000, 0x0000000086a00000|  0%| F|  |TS  0|AC  0|TAMS 0x0000000086900000, 0x0000000086900000|
|  72|0x0000000086a00000, 0x0000000086a00000, 0x0000000086b00000|  0%| F|  |TS  0|AC  0|TAMS 0x0000000086a00000, 0x0000000086a00000|
|  73|0x0000000086b00000, 0x0000000086b00000, 0x0000000086c00000|  0%| F|  |TS  0|AC  0|TAMS 0x0000000086b00000, 0x0000000086b00000|
|  74|0x0000000086c00000, 0x0000000086c00000, 0x0000000086d00000|  0%| F|  |TS  0|AC  0|TAMS 0x0000000086c00000, 0x0000000086c00000|
|  75|0x0000000086d00000, 0x0000000086d00000, 0x0000000086e00000|  0%| F|  |TS  0|AC  0|TAMS 0x0000000086d00000, 0x0000000086d00000|
|  76|0x0000000086e00000, 0x0000000086e00000, 0x0000000086f00000|  0%| F|  |TS  0|AC  0|TAMS 0x0000000086e00000, 0x0000000086e00000|
|  77|0x0000000086f00000, 0x0000000086f00000, 0x0000000087000000|  0%| F|  |TS  0|AC  0|TAMS 0x0000000086f00000, 0x0000000086f00000|
|  78|0x0000000087000000, 0x0000000087000000, 0x0000000087100000|  0%| F|  |TS  0|AC  0|TAMS 0x0000000087000000, 0x0000000087000000|
|  79|0x0000000087100000, 0x0000000087100000, 0x0000000087200000|  0%| F|  |TS  0|AC  0|TAMS 0x0000000087100000, 0x0000000087100000|
|  80|0x0000000087200000, 0x0000000087200000, 0x0000000087300000|  0%| F|  |TS  0|AC  0|TAMS 0x0000000087200000, 0x0000000087200000|
|  81|0x0000000087300000, 0x0000000087300000, 0x0000000087400000|  0%| F|  |TS  0|AC  0|TAMS 0x0000000087300000, 0x0000000087300000|
|  82|0x0000000087400000, 0x0000000087400000, 0x0000000087500000|  0%| F|  |TS  0|AC  0|TAMS 0x0000000087400000, 0x0000000087400000|
|  83|0x0000000087500000, 0x0000000087500000, 0x0000000087600000|  0%| F|  |TS  0|AC  0|TAMS 0x0000000087500000, 0x0000000087500000|
|  84|0x0000000087600000, 0x0000000087600000, 0x0000000087700000|  0%| F|  |TS  0|AC  0|TAMS 0x0000000087600000, 0x0000000087600000|
|  85|0x0000000087700000, 0x0000000087700000, 0x0000000087800000|  0%| F|  |TS  0|AC  0|TAMS 0x0000000087700000, 0x0000000087700000|
|  86|0x0000000087800000, 0x0000000087800000, 0x0000000087900000|  0%| F|  |TS  0|AC  0|TAMS 0x0000000087800000, 0x0000000087800000|
|  87|0x0000000087900000, 0x0000000087900000, 0x0000000087a00000|  0%| F|  |TS  0|AC  0|TAMS 0x0000000087900000, 0x0000000087900000|
|  88|0x0000000087a00000, 0x0000000087a00000, 0x0000000087b00000|  0%| F|  |TS  0|AC  0|TAMS 0x0000000087a00000, 0x0000000087a00000|
|  89|0x0000000087b00000, 0x0000000087b00000, 0x0000000087c00000|  0%| F|  |TS  0|AC  0|TAMS 0x0000000087b00000, 0x0000000087b00000|
|  90|0x0000000087c00000, 0x0000000087c00000, 0x0000000087d00000|  0%| F|  |TS  0|AC  0|TAMS 0x0000000087c00000, 0x0000000087c00000|
|  91|0x0000000087d00000, 0x0000000087d00000, 0x0000000087e00000|  0%| F|  |TS  0|AC  0|TAMS 0x0000000087d00000, 0x0000000087d00000|
|  92|0x0000000087e00000, 0x0000000087e00000, 0x0000000087f00000|  0%| F|  |TS  0|AC  0|TAMS 0x0000000087e00000, 0x0000000087e00000|
|  93|0x0000000087f00000, 0x0000000087f00000, 0x0000000088000000|  0%| F|  |TS  0|AC  0|TAMS 0x0000000087f00000, 0x0000000087f00000|
|  94|0x0000000088000000, 0x0000000088000000, 0x0000000088100000|  0%| F|  |TS  0|AC  0|TAMS 0x0000000088000000, 0x0000000088000000|
|  95|0x0000000088100000, 0x0000000088100000, 0x0000000088200000|  0%| F|  |TS  0|AC  0|TAMS 0x0000000088100000, 0x0000000088100000|
|  96|0x0000000088200000, 0x0000000088200000, 0x0000000088300000|  0%| F|  |TS  0|AC  0|TAMS 0x0000000088200000, 0x0000000088200000|
|  97|0x0000000088300000, 0x0000000088300000, 0x0000000088400000|  0%| F|  |TS  0|AC  0|TAMS 0x0000000088300000, 0x0000000088300000|
|  98|0x0000000088400000, 0x0000000088400000, 0x0000000088500000|  0%| F|  |TS  0|AC  0|TAMS 0x0000000088400000, 0x0000000088400000|
|  99|0x0000000088500000, 0x0000000088500000, 0x0000000088600000|  0%| F|  |TS  0|AC  0|TAMS 0x0000000088500000, 0x0000000088500000|
| 100|0x0000000088600000, 0x0000000088600000, 0x0000000088700000|  0%| F|  |TS  0|AC  0|TAMS 0x0000000088600000, 0x0000000088600000|
| 101|0x0000000088700000, 0x0000000088700000, 0x0000000088800000|  0%| F|  |TS  0|AC  0|TAMS 0x0000000088700000, 0x0000000088700000|
| 102|0x0000000088800000, 0x0000000088800000, 0x0000000088900000|  0%| F|  |TS  0|AC  0|TAMS 0x0000000088800000, 0x0000000088800000|
| 103|0x0000000088900000, 0x0000000088900000, 0x0000000088a00000|  0%| F|  |TS  0|AC  0|TAMS 0x0000000088900000, 0x0000000088900000|
| 104|0x0000000088a00000, 0x0000000088a00000, 0x0000000088b00000|  0%| F|  |TS  0|AC  0|TAMS 0x0000000088a00000, 0x0000000088a00000|
| 105|0x0000000088b00000, 0x0000000088b00000, 0x0000000088c00000|  0%| F|  |TS  0|AC  0|TAMS 0x0000000088b00000, 0x0000000088b00000|
| 106|0x0000000088c00000, 0x0000000088c00000, 0x0000000088d00000|  0%| F|  |TS  0|AC  0|TAMS 0x0000000088c00000, 0x0000000088c00000|
| 107|0x0000000088d00000, 0x0000000088d00000, 0x0000000088e00000|  0%| F|  |TS  0|AC  0|TAMS 0x0000000088d00000, 0x0000000088d00000|
| 108|0x0000000088e00000, 0x0000000088e00000, 0x0000000088f00000|  0%| F|  |TS  0|AC  0|TAMS 0x0000000088e00000, 0x0000000088e00000|
| 109|0x0000000088f00000, 0x0000000088f00000, 0x0000000089000000|  0%| F|  |TS  0|AC  0|TAMS 0x0000000088f00000, 0x0000000088f00000|
| 110|0x0000000089000000, 0x0000000089000000, 0x0000000089100000|  0%| F|  |TS  0|AC  0|TAMS 0x0000000089000000, 0x0000000089000000|
| 111|0x0000000089100000, 0x0000000089100000, 0x0000000089200000|  0%| F|  |TS  0|AC  0|TAMS 0x0000000089100000, 0x0000000089100000|
| 112|0x0000000089200000, 0x0000000089200000, 0x0000000089300000|  0%| F|  |TS  0|AC  0|TAMS 0x0000000089200000, 0x0000000089200000|
| 113|0x0000000089300000, 0x0000000089300000, 0x0000000089400000|  0%| F|  |TS  0|AC  0|TAMS 0x0000000089300000, 0x0000000089300000|
| 114|0x0000000089400000, 0x0000000089400000, 0x0000000089500000|  0%| F|  |TS  0|AC  0|TAMS 0x0000000089400000, 0x0000000089400000|
| 115|0x0000000089500000, 0x0000000089500000, 0x0000000089600000|  0%| F|  |TS  0|AC  0|TAMS 0x0000000089500000, 0x0000000089500000|
| 116|0x0000000089600000, 0x0000000089600000, 0x0000000089700000|  0%| F|  |TS  0|AC  0|TAMS 0x0000000089600000, 0x0000000089600000|
| 117|0x0000000089700000, 0x0000000089700000, 0x0000000089800000|  0%| F|  |TS  0|AC  0|TAMS 0x0000000089700000, 0x0000000089700000|
| 118|0x0000000089800000, 0x0000000089800000, 0x0000000089900000|  0%| F|  |TS  0|AC  0|TAMS 0x0000000089800000, 0x0000000089800000|
| 119|0x0000000089900000, 0x0000000089900000, 0x0000000089a00000|  0%| F|  |TS  0|AC  0|TAMS 0x0000000089900000, 0x0000000089900000|
| 120|0x0000000089a00000, 0x0000000089a7b620, 0x0000000089b00000| 48%| E|  |TS  0|AC  0|TAMS 0x0000000089a00000, 0x0000000089a00000|
| 121|0x0000000089b00000, 0x0000000089c00000, 0x0000000089c00000|100%| E|CS|TS  0|AC  0|TAMS 0x0000000089b00000, 0x0000000089b00000|
| 122|0x0000000089c00000, 0x0000000089d00000, 0x0000000089d00000|100%| E|CS|TS  0|AC  0|TAMS 0x0000000089c00000, 0x0000000089c00000|
| 123|0x0000000089d00000, 0x0000000089e00000, 0x0000000089e00000|100%| E|CS|TS  0|AC  0|TAMS 0x0000000089d00000, 0x0000000089d00000|
| 124|0x0000000089e00000, 0x0000000089f00000, 0x0000000089f00000|100%| E|CS|TS  0|AC  0|TAMS 0x0000000089e00000, 0x0000000089e00000|
| 125|0x0000000089f00000, 0x000000008a000000, 0x000000008a000000|100%| E|CS|TS  0|AC  0|TAMS 0x0000000089f00000, 0x0000000089f00000|

Card table byte_map: [0x0000016535980000,0x0000016535d70000] byte_map_base: 0x000001653556f000

Marking Bits (Prev, Next): (CMBitMap*) 0x000001653a06b160, (CMBitMap*) 0x000001653a06b198
 Prev Bits: [0x0000016536160000, 0x00000165380d8000)
 Next Bits: [0x00000165380e0000, 0x000001653a058000)

Polling page: 0x00000165175a0000

CodeHeap 'non-profiled nmethods': size=120000Kb used=91Kb max_used=91Kb free=119909Kb
 bounds [0x000001652d210000, 0x000001652d480000, 0x0000016534740000]
CodeHeap 'profiled nmethods': size=120000Kb used=274Kb max_used=274Kb free=119725Kb
 bounds [0x0000016525ce0000, 0x0000016525f50000, 0x000001652d210000]
CodeHeap 'non-nmethods': size=5760Kb used=1194Kb max_used=1194Kb free=4565Kb
 bounds [0x0000016525740000, 0x00000165259b0000, 0x0000016525ce0000]
 total_blobs=669 nmethods=266 adapters=252
 compilation: enabled

Compilation events (10 events):
Event: 42532.310 Thread 0x000001653d3d2800  262       3       java.util.Collections::emptyList (4 bytes)
Event: 42532.315 Thread 0x000001653d3d2800 nmethod 262 0x0000016525d24310 code [0x0000016525d244c0, 0x0000016525d245f8]
Event: 42562.458 Thread 0x000001653d3d2800  264       3       com.intellij.rt.debugger.agent.CaptureAgent::access$200 (5 bytes)
Event: 42562.460 Thread 0x000001653d3d2800 nmethod 264 0x0000016525d24690 code [0x0000016525d24840, 0x0000016525d24a98]
Event: 42562.460 Thread 0x000001653d3d2800  265       1       java.util.Collections$EmptyList::isEmpty (2 bytes)
Event: 42562.461 Thread 0x000001653d3d2800 nmethod 265 0x000001652d226190 code [0x000001652d226340, 0x000001652d226458]
Event: 42562.461 Thread 0x000001653d3d2800  263       1       sun.instrument.TransformerManager$TransformerInfo::transformer (5 bytes)
Event: 42562.462 Thread 0x000001653d3d2800 nmethod 263 0x000001652d226510 code [0x000001652d2266c0, 0x000001652d2267d8]
Event: 42619.135 Thread 0x000001653d3d2800  266       1       java.lang.Class::getModule (5 bytes)
Event: 42619.136 Thread 0x000001653d3d2800 nmethod 266 0x000001652d226890 code [0x000001652d226a40, 0x000001652d226b58]

GC Heap History (0 events):
No events

Deoptimization events (1 events):
Event: 0.289 Thread 0x00000165197c4000 Uncommon trap: reason=unstable_if action=reinterpret pc=0x000001652d2132fc method=java.lang.String.charAt(I)C @ 4 c2

Classes redefined (8 events):
Event: 438.791 Thread 0x000001653d36b800 redefined class name=ArrayDeque, count=1
Event: 497.560 Thread 0x000001653d36b800 redefined class name=ArrayDeque, count=2
Event: 908.618 Thread 0x000001653d36b800 redefined class name=ArrayDeque, count=3
Event: 1238.905 Thread 0x000001653d36b800 redefined class name=ArrayDeque, count=4
Event: 27183.375 Thread 0x000001653d36b800 redefined class name=ArrayDeque, count=5
Event: 27280.170 Thread 0x000001653d36b800 redefined class name=ArrayDeque, count=6
Event: 27454.187 Thread 0x000001653d36b800 redefined class name=ArrayDeque, count=7
Event: 27586.374 Thread 0x000001653d36b800 redefined class name=ArrayDeque, count=8

Internal exceptions (0 events):
No events

Events (10 events):
Event: 52393.127 Executing VM operation: ChangeBreakpoints done
Event: 52393.133 Executing VM operation: GetFrameCount
Event: 52393.133 Executing VM operation: GetFrameCount done
Event: 52393.134 Executing VM operation: GetFrameCount
Event: 52393.134 Executing VM operation: GetFrameCount done
Event: 52393.134 Executing VM operation: GetFrameLocation
Event: 52393.134 Executing VM operation: GetFrameLocation done
Event: 52393.134 Executing VM operation: GetFrameLocation
Event: 52393.134 Executing VM operation: GetFrameLocation done
Event: 52393.134 Executing VM operation: GetOrSetLocal


Dynamic libraries:
0x00007ff777fb0000 - 0x00007ff777fee000 	C:\Program Files\Java\jdk-9.0.1\bin\java.exe
0x00007ffadc180000 - 0x00007ffadc360000 	C:\WINDOWS\SYSTEM32\ntdll.dll
0x00007ffad9bf0000 - 0x00007ffad9c9e000 	C:\WINDOWS\System32\KERNEL32.DLL
0x00007ffad9000000 - 0x00007ffad9266000 	C:\WINDOWS\System32\KERNELBASE.dll
0x00007ffad9650000 - 0x00007ffad96f1000 	C:\WINDOWS\System32\ADVAPI32.dll
0x00007ffada2b0000 - 0x00007ffada34d000 	C:\WINDOWS\System32\msvcrt.dll
0x00007ffad9a70000 - 0x00007ffad9acb000 	C:\WINDOWS\System32\sechost.dll
0x00007ffad9ad0000 - 0x00007ffad9bef000 	C:\WINDOWS\System32\RPCRT4.dll
0x00007ffad98d0000 - 0x00007ffad9a5f000 	C:\WINDOWS\System32\USER32.dll
0x00007ffad9370000 - 0x00007ffad9390000 	C:\WINDOWS\System32\win32u.dll
0x00007ffada7e0000 - 0x00007ffada808000 	C:\WINDOWS\System32\GDI32.dll
0x00007ffad9430000 - 0x00007ffad95c3000 	C:\WINDOWS\System32\gdi32full.dll
0x00007ffad9390000 - 0x00007ffad942b000 	C:\WINDOWS\System32\msvcp_win.dll
0x00007ffad9270000 - 0x00007ffad9366000 	C:\WINDOWS\System32\ucrtbase.dll
0x00007ffac74f0000 - 0x00007ffac7759000 	C:\WINDOWS\WinSxS\amd64_microsoft.windows.common-controls_6595b64144ccf1df_6.0.16299.125_none_15cbcf8893620c09\COMCTL32.dll
0x00007ffada810000 - 0x00007ffadab18000 	C:\WINDOWS\System32\combase.dll
0x00007ffacc180000 - 0x00007ffacc18a000 	C:\WINDOWS\SYSTEM32\VERSION.dll
0x00007ffad95d0000 - 0x00007ffad9642000 	C:\WINDOWS\System32\bcryptPrimitives.dll
0x00007ffadc010000 - 0x00007ffadc03d000 	C:\WINDOWS\System32\IMM32.DLL
0x00007ffabcd20000 - 0x00007ffabce0f000 	C:\Program Files\Java\jdk-9.0.1\bin\msvcr120.dll
0x00007ffacfbd0000 - 0x00007ffacfc76000 	C:\Program Files\Java\jdk-9.0.1\bin\msvcp120.dll
0x000000005a8c0000 - 0x000000005b2e4000 	C:\Program Files\Java\jdk-9.0.1\bin\server\jvm.dll
0x00007ffada5d0000 - 0x00007ffada5d8000 	C:\WINDOWS\System32\PSAPI.DLL
0x00007ffacd200000 - 0x00007ffacd209000 	C:\WINDOWS\SYSTEM32\WSOCK32.dll
0x00007fface930000 - 0x00007fface953000 	C:\WINDOWS\SYSTEM32\WINMM.dll
0x00007ffad9ca0000 - 0x00007ffad9d0c000 	C:\WINDOWS\System32\WS2_32.dll
0x00007fface790000 - 0x00007fface7ba000 	C:\WINDOWS\SYSTEM32\winmmbase.dll
0x00007ffad8630000 - 0x00007ffad867a000 	C:\WINDOWS\System32\cfgmgr32.dll
0x00007ffad24d0000 - 0x00007ffad24df000 	C:\Program Files\Java\jdk-9.0.1\bin\verify.dll
0x00007ffad17f0000 - 0x00007ffad1817000 	C:\Program Files\Java\jdk-9.0.1\bin\java.dll
0x00007ffacb9a0000 - 0x00007ffacb9d6000 	C:\Program Files\Java\jdk-9.0.1\bin\jdwp.dll
0x00007ffacb970000 - 0x00007ffacb99a000 	C:\Program Files\Java\jdk-9.0.1\bin\instrument.dll
0x00007ffad19a0000 - 0x00007ffad19b6000 	C:\Program Files\Java\jdk-9.0.1\bin\zip.dll
0x00007ffad21b0000 - 0x00007ffad21ba000 	C:\Program Files\Java\jdk-9.0.1\bin\jimage.dll
0x00007ffadabd0000 - 0x00007ffadc006000 	C:\WINDOWS\System32\SHELL32.dll
0x00007ffadab20000 - 0x00007ffadabc6000 	C:\WINDOWS\System32\shcore.dll
0x00007ffad8850000 - 0x00007ffad8f97000 	C:\WINDOWS\System32\windows.storage.dll
0x00007ffada5e0000 - 0x00007ffada631000 	C:\WINDOWS\System32\shlwapi.dll
0x00007ffad8540000 - 0x00007ffad8551000 	C:\WINDOWS\System32\kernel.appcore.dll
0x00007ffad84d0000 - 0x00007ffad851c000 	C:\WINDOWS\System32\powrprof.dll
0x00007ffad8520000 - 0x00007ffad853b000 	C:\WINDOWS\System32\profapi.dll
0x00007ffad1970000 - 0x00007ffad198a000 	C:\Program Files\Java\jdk-9.0.1\bin\net.dll
0x00007ffad32e0000 - 0x00007ffad33be000 	C:\WINDOWS\SYSTEM32\WINHTTP.dll
0x00007ffad7d60000 - 0x00007ffad7dc6000 	C:\WINDOWS\system32\mswsock.dll
0x00007ffaced80000 - 0x00007ffaced91000 	C:\Program Files\Java\jdk-9.0.1\bin\nio.dll
0x00007ffad1f10000 - 0x00007ffad1f1a000 	C:\Program Files\Java\jdk-9.0.1\bin\dt_socket.dll
0x00007ffad6f80000 - 0x00007ffad7148000 	C:\WINDOWS\SYSTEM32\dbghelp.dll

VM Arguments:
jvm_args: -agentlib:jdwp=transport=dt_socket,address=127.0.0.1:51616,suspend=y,server=n -javaagent:C:\Users\kevin\.IdeaIC2017.3\system\captureAgent\debugger-agent.jar=C:\Users\kevin\AppData\Local\Temp\capture1064.props -Dfile.encoding=UTF-8 
java_command: ArrayDeque
java_class_path (initial): C:\Users\kevin\Desktop\cs61b_spring17\proj1a\out\production\proj1a;C:\Users\kevin\Desktop\cs61b_spring17\javalib\algs4.jar;C:\Users\kevin\Desktop\cs61b_spring17\javalib\jh61b.jar;C:\Users\kevin\Desktop\cs61b_spring17\javalib\stdlib.jar;C:\Users\kevin\Desktop\cs61b_spring17\javalib\junit-4.12.jar;C:\Users\kevin\Desktop\cs61b_spring17\javalib\xchart-3.3.0.jar;C:\Users\kevin\Desktop\cs61b_spring17\javalib\stdlib-package.jar;C:\Users\kevin\Desktop\cs61b_spring17\javalib\hamcrest-core-1.3.jar;C:\Program Files\JetBrains\IntelliJ IDEA Community Edition 2017.3.1\lib\idea_rt.jar
Launcher Type: SUN_STANDARD

Logging:
Log output configuration:
#0: stdout all=warning uptime,level,tags
#1: stderr all=off uptime,level,tags

Environment Variables:
JAVA_HOME=C:\Program Files\Java\jdk-9.0.1
PATH=C:\ProgramData\Oracle\Java\javapath;C:\WINDOWS\system32;C:\WINDOWS;C:\WINDOWS\System32\Wbem;C:\WINDOWS\System32\WindowsPowerShell\v1.0\;C:\Program Files\Git\cmd;C:\Program Files\Java\jdk-9.0.1\bin;C:\Users\kevin\AppData\Local\Programs\Python\Python36\;C:\Users\kevin\AppData\Local\Microsoft\WindowsApps;
USERNAME=kevin
OS=Windows_NT
PROCESSOR_IDENTIFIER=Intel64 Family 6 Model 158 Stepping 9, GenuineIntel



---------------  S Y S T E M  ---------------

OS: Windows 10 , 64 bit Build 16299 (10.0.16299.15)

CPU:total 8 (initial active 8) (4 cores per cpu, 2 threads per core) family 6 model 158 stepping 9, cmov, cx8, fxsr, mmx, sse, sse2, sse3, ssse3, sse4.1, sse4.2, popcnt, avx, avx2, aes, clmul, erms, 3dnowpref, lzcnt, ht, tsc, tscinvbit, bmi1, bmi2, adx, fma

Memory: 4k page, physical 8243596k(3324968k free), swap 9669932k(1427016k free)

vm_info: Java HotSpot(TM) 64-Bit Server VM (9.0.1+11) for windows-amd64 JRE (9.0.1+11), built on Sep 28 2017 04:54:03 by "mach5one" with MS VC++ 12.0 (VS2013)

END.
